<?xml version="1.0" encoding="UTF-8"?>
<!-- Generated by org.testng.reporters.JUnitReportReporter -->
<testsuite skipped="0" hostname="LAPTOP-0SNJUU8F" name="practise.HandlingLinks" tests="1" failures="0" timestamp="2019-11-14T00:23:58 IST" time="3.050" errors="0">
  <testcase name="links" time="3.050" classname="practise.HandlingLinks"/>
</testsuite> <!-- practise.HandlingLinks -->
