<?xml version="1.0" encoding="UTF-8"?>
<!-- Generated by org.testng.reporters.JUnitReportReporter -->
<testsuite skipped="0" hostname="LAPTOP-0SNJUU8F" name="practise.HandlingEdit" tests="2" failures="0" timestamp="2019-11-13T22:39:58 IST" time="29.177" errors="0">
  <testcase name="edit" time="3.110" classname="practise.HandlingEdit"/>
  <testcase name="edit" time="26.067" classname="practise.HandlingEdit"/>
</testsuite> <!-- practise.HandlingEdit -->
