<?xml version="1.0" encoding="UTF-8"?>
<!-- Generated by org.testng.reporters.JUnitReportReporter -->
<testsuite skipped="0" hostname="LAPTOP-0SNJUU8F" name="practise.HandlingButton" tests="1" failures="0" timestamp="2019-11-13T23:14:31 IST" time="2.233" errors="0">
  <testcase name="button" time="2.233" classname="practise.HandlingButton"/>
</testsuite> <!-- practise.HandlingButton -->
